Jl. Brigjen Pol. Sudarlan 53, Bondowoso → -7.931240099999999, 113.8140267
Jln. Pakisan Dusun Lumbung Rt/Rw 015/005, Bondowoso → -7.9634208, 113.8747719
Jebung Kidul, Bondowoso → -7.9686482, 113.9268811
Rt 05 Rw 01, Bondowoso → -7.914504699999999, 113.8232058
Desa Leprak, Kecamatan Klabang, Kabupaten Bondowoso, Bondowoso → -7.810656599999999, 113.9120107
Tlogosari Rt.04 Rw.01, Bondowoso → -7.997474299999999, 113.9357092
Dusun Lumbung Rt/Rw 004/002, Bondowoso → -7.914504699999999, 113.8232058
Dusun Nasar Rt. 005 Rw. 002, Bondowoso → -7.914504699999999, 113.8232058
Dusun Krajan Rt.06 Rw.02, Bondowoso → -7.914504699999999, 113.8232058
Kejayan Rt.013 Rw.003, Bondowoso → -7.9517014, 113.8733457
Sucolor Rt 18 Rw 05, Bondowoso → -8.0033149, 113.6889029
Pasar Kita Jebung Kidul, Bondowoso → -7.9676765, 113.9206537
Cermee Rt 021 Rw 000, Bondowoso → -7.7783358, 114.0249995
Jln.Re Martadinata Gg.Patih 25/06
Dabasah, Bondowoso → -7.914937299999999, 113.8248596
Dusun Pangotaan 02/05, Bondowoso → -7.914504699999999, 113.8232058
Desa Kembang Rt.014 Rw.005, Bondowoso → -7.940866799999999, 113.8019562
Sumber Rt 11 Rw 02 Pejaten Bondowoso, Bondowoso → -7.9026505, 113.8495503
Pakem Krajan Rt 002/001, Bondowoso → -7.8549161, 113.7493763
Desa Sempol, Bondowoso → -7.9673906, 113.9060624
Desa Sumber Gading Rt.0042/Rw.005, Bondowoso → -7.950604399999999, 113.9744632
Padasan Rt 12 Rw 05, Bondowoso → -7.9402491, 113.8748328
Pb Sudirman 102, Rt 036/ Rw 08, Dabasah, Bondowoso → -7.913510700000001, 113.8289655
Jl. Raya Tamanan Rt 2 Rw 1 (Utara Pasar Kreongan), Bondowoso → -7.9566721, 113.8298337
Grujugan Kidul Rt.15 Rw.02, Bondowoso → -7.9701034, 113.8198045
Selolembu 06/02 Curahdami Bondowoso, Bondowoso → -7.895772699999998, 113.7960067
Jl. Raya Situbondo, Bondowoso → -7.9074216, 113.8552574
Grujukan Lor Rt.019 Rw.006, Bondowoso → -7.9643291, 113.831703
Desa Gebang Rt.01/01, Bondowoso → -7.9265401, 113.8510375
Dalam Pasar Maesan Desa Gambangan Kecamatan Maesan, Bondowoso → -8.030217, 113.7764357
Pekalangan Rt.019 Rw.004, Bondowoso → -7.9514304, 113.8569865
Padasan Rt 06 Rw 03, Bondowoso → -7.9402491, 113.8748328
Gadingsari Rt 14 Rw 04, Bondowoso → -7.9137789, 113.7484077
Gadingsari Rt 14 Rw 04, Bondowoso → -7.9137789, 113.7484077
Dusun Song Tengah Rt 020 Rw 006 Desa Karanganyar Kec. Tegalampel Kab. Bondowoso, Bondowoso → -7.9007434, 113.8183172
Maskuning Kulon, Bondowoso → -7.985251, 113.9030883
Dusun Kranang Desa Bajuran, Bondowoso → -7.825884899999999, 114.0465708
Desa Sukosari Lor Rt.020 Rw.009, Bondowoso → -7.941958100000001, 113.9506727
Jetis Rt 05 Rw 02, Bondowoso → -7.914504699999999, 113.8232058
Dusun Karang Tengah Rt.12 Rw.03, Bondowoso → -7.914504699999999, 113.8232058
Dusun Kampung Baru 05/03 Koncer Darul Amantenggarang Bondowoso, Bondowoso → -7.914504699999999, 113.8232058
Kelurahan/Desa Pakem,
Kecamatan Pakem,
Kab/Kota Kab. Bondowoso,
Provinsi Jawa Timur., Bondowoso → -7.863637499999999, 113.7424575
Jl. Kopral Moerin Rt.012/ Rw.003, Bondowoso → -7.909532999999999, 113.8407076
Kerang Sukosari Bondowoso, Bondowoso → -7.9379948, 113.9328291
Dusun Pangutaan Rt. 02 Rw. 05, Pakuniran, Maesan, Bondowoso, Bondowoso → -8.012717, 113.7841073
Dsn. Dawuan Rt/Rw:004/000, Bondowoso → -7.914504699999999, 113.8232058
Jetis Rt 08 Rw 03, Bondowoso → -7.9673906, 113.9060624
Sumber Tengah Rt 2 Rw 1 Binakal Bondowoso, Bondowoso → -7.881697199999999, 113.7781575
Dusun Tahuan Rt.022 Rw.005, Bondowoso → -7.914504699999999, 113.8232058
Sukokerto Rt.011/004, Bondowoso → -8.0038435, 113.8882172
Pondok Jeruk Rt 20 / Rw 06 Sukorejo Sumber Wringin, Bondowoso → -7.968250800000001, 114.0160937
Pondok Jeruk Rt 20 /Rw 06 Sukorejo Sumber Wringin, Bondowoso → -7.968250800000001, 114.0160937
Sulek, Rt.015 Rw.007, Bondowoso → -7.988124200000001, 113.938777
Dusun Parseh Rt.06 Rw.04, Bondowoso → -7.914504699999999, 113.8232058
Desa Mengok Rt.022 Rw.004 Kecamatan Pujer Kabupaten Bondowoso, Bondowoso → -7.9722675, 113.8673969
Jl Raya Besuki, Bondowoso → -7.914504699999999, 113.8232058
Jl.Raya Besuki, Bondowoso → -7.914504699999999, 113.8232058
Jebung Kidul, Bondowoso → -7.9686482, 113.9268811
Dusun Karang Malang Rt10 Rw02 Desa Tegalpasir Kec Jambesari Ds Kab Bondowoso, Bondowoso → -7.9696525, 113.8480631
Dusun Karang Malang Rt. 023 Rw .005 Kelurahan/Desa Jambesari. Kecamatan Jambesari Darussholah, Bondowoso → -7.9841814, 113.8376522
Dusun Pangutaan, Pakuniran, Maesan, Bondowoso, Bondowoso → -8.012717, 113.7841073
Rt.001/ Rw.001, Bondowoso → -7.914504699999999, 113.8232058
Hos Cokrominoto 49 Rt.024 Rw.004, Bondowoso → -7.914504699999999, 113.8232058
Dusun Krajan Rt/Rw 010/003, Bondowoso → -7.914504699999999, 113.8232058
Jalan Cokroaminoto Rt.002 Rw.001, Bondowoso → -7.914504699999999, 113.8232058
Desa Jumpong Rt.004 Rw.001, Bondowoso → -7.927626699999999, 113.8748328
Kasemek Rt.015/008, Bondowoso → -7.960811000000001, 113.8688841
Dusun Gabugan Rt 12 Rw 3, Bondowoso → -7.914504699999999, 113.8232058
Desa Jebung Lor Rt 015 Rw 001, Bondowoso → -7.9596345, 113.9090366
Jl Kismangunsarkoro, Bondowoso → -7.9189634, 113.8282036
Perum Pancoran Mas Blok D-14, Bondowoso → -6.3946317, 106.7950631
Koarah Rt 01/Rw 06, Bondowoso → -7.914504699999999, 113.8232058
Jambeanom, Bondowoso → -7.9893228, 113.8569865
Dusun Tengginah Rt 14 Rw 03, Bondowoso → -8.0106381, 113.7974941
Brambang Darussalam, Bondowoso → -8.0317706, 113.9685157
Desa Sumberwringin Rt.005 Rw.001, Bondowoso → -7.9895352, 113.9982525
Jl. Kis Mangun Sarkoro, Bondowoso → -7.9189634, 113.8282036
Dusun Eka Praja Rt 09/ Rw 3, Bondowoso → -7.914504699999999, 113.8232058
Koncer Kidul Rt. 010 Rw. 004, Bondowoso → -7.939429899999999, 113.8257538
Dusun Krajan Rt. 005 Rw. 002, Bondowoso → -7.914504699999999, 113.8232058
Desa Jebung Lor Rt 021 Rw003, Bondowoso → -7.9596345, 113.9090366
Dusun Krajan Rt 015 Rw 001, Bondowoso → -7.914504699999999, 113.8232058
Dusun Kampung Baru Rt. 017 Rw. 005, Bondowoso → -7.914504699999999, 113.8232058
Dusun Pecut 38/05, Bondowoso → -7.914504699999999, 113.8232058
Lojajar Rt.010 /005, Bondowoso → -7.9376319, 113.8554992
Sumber Salam, Bondowoso → -7.953504000000001, 113.8436013
Jalan Wahid Hasyim Ruko Pasar, Bondowoso → -7.9132344, 113.8307191
Desa Jetis Rt.19 Rw.08, Bondowoso → -7.9567435, 113.790057
Desa.Penanggungan,Kec.Maesan,Kab.Bondowoso,Provinsi. Jawa Timur, Bondowoso → -8.0196735, 113.7736952
Dusun Pal16, Bondowoso → -7.914504699999999, 113.8232058
Grujugan Lor Rt. 002 Rw. 001, Bondowoso → -7.9643291, 113.831703
Jetis Rt 11 Rw 6, Bondowoso → -7.914504699999999, 113.8232058
Koncer Darul Aman, Rt08/Rw04, Tenggarang, Bondowoso, Bondowoso → -7.9299629, 113.8361649
Dusun Krajan Rt.007 Rw.003, Bondowoso → -7.914504699999999, 113.8232058
Sumber Pandan. Rt.05/02, Kecamatan Grujugan, Kabupaten Bondowoso, Bondowoso → -7.990316199999999, 113.7365072
Dusun Gunung Malang 28/07, Bondowoso → -8.0297222, 114.0952778
Dusun Krajan Rt.001 Rw.001, Bondowoso → -7.914504699999999, 113.8232058
Jalan Raya Dusun Gedangan Rt 030/ Rw 003 Desa Suger, Bondowoso → -7.914504699999999, 113.8232058
Curahdami Rt003 Rw 002, Bondowoso → -7.9119929, 113.7781575
Sulek, Rt: 010 Rw: 004, Bondowoso → -7.988124200000001, 113.938777
Dusun Sraten I Rt.002 Rw.002, Bondowoso → -7.914504699999999, 113.8232058
Dusun Jatian Rt 10 Rw 05, Bondowoso → -7.9673906, 113.9060624
Jl. Pringgondani Desa Sukowono Rt. 06 Rw. 02 Kec. Pujer, Bondowoso → -8.0190222, 113.8829418
Dusun Sletreng Rt.03 Rw. 02 Desa Kupang, Bondowoso → -7.718805700000001, 114.1023164
Kenanga Rt.030 Rw.005, Bondowoso → -7.914504699999999, 113.8232058
Dusun Pejagan Rt 07 Rw 02, Bondowoso → -7.989958999999999, 113.8257538
Jl. Kismangunsarkoro, Tamansari Rt/Rw : 011/004. Kab. Bondowoso, Bondowoso → -7.928155899999999, 113.8242665
Dusun Krajan Rt/Rw 009/003, Bondowoso → -7.914504699999999, 113.8232058
Barat Gunung, Bondowoso → -7.914504699999999, 113.8232058
Desa Sumbersari, Bondowoso → -8.032589, 113.790057
Desa Pekalangan Rt.05/01 Kec.Tenggarang Kab.Bondowoso, Bondowoso → -7.9514304, 113.8569865
Dusun  Sletreng, Bondowoso → -7.936394299999999, 113.7818762
Kembang Rt006/Rw002 Jalan Mastrib Kembang, Bondowoso → -7.940866799999999, 113.8019562
Jalan Raya Petung Dusun Krajan Rt.003 Rw.001, Bondowoso → -8.3149487, 114.2888734
Jalan Raya Petung Dusun Krajan Rt.003 Rw. 001, Bondowoso → -8.3149487, 114.2888734
Jl. Wringin, Bondowoso → -7.8422465, 113.767374
Dusun Karang Tengah Rt.16 Rw.03, Bondowoso → -7.914504699999999, 113.8232058
Rt. 033 Rw. 004 Dusun Sumberayem, Bondowoso → -7.914504699999999, 113.8232058
Rt. 033 Rw. 004 Dusun Sumberayem, Bondowoso → -7.914504699999999, 113.8232058
Pekalangan Rt.009 Rw.002, Bondowoso → -7.9514304, 113.8569865
Tempat Usaha, Compresor, Dan Lain - Lain, Bondowoso → -7.914504699999999, 113.8232058
Dusun Araja Rt.02/Rw.01 Desa Suco Lor Kecamatan Maesan Kabupaten Bondowoso, Bondowoso → -8.0033149, 113.6889029
Jl.Imam Bonjol, Bondowoso → -7.9154892, 113.8308923
Dusun Karang Malang Rt 10 Rw 02, Bondowoso → -7.914504699999999, 113.8232058
Penanggungan, Bondowoso → -8.0196735, 113.7736952
Ds Tlogosari Rt 11,Rw 3 Kecamatan Tlogosari, Bondowoso → -7.9948928, 113.9313421
Selolembu, Bondowoso → -7.895772699999998, 113.7960067
Desa Kejayan Rt 15/04, Bondowoso → -7.9517014, 113.8733457
Desa Kembang Rt 003/Rw 001 Kec. Bondowoso Kab.Bondowoso, Bondowoso → -7.940866799999999, 113.8019562
Hos Cokro Aminoto Rt024 Rw004 Kademangan Bondowoso, Bondowoso → -7.914612099999999, 113.8383074
Dusun Gunung Malang Utara, Bondowoso → -8.0079627, 113.8517812
Dusun Ekapraja Rt.09 Rw.03, Bondowoso → -7.914504699999999, 113.8232058
Dusun Krajan, Bondowoso → -7.914504699999999, 113.8232058
Desa Pecalongan Rt.014 Rw.004, Bondowoso → -7.962874100000001, 113.938777
Silolembu, Bondowoso → -7.895772699999998, 113.7960067
Desa Kupang Rt.04 Rw.02 Kecamatan Curahdami Kabupaten Bondowoso, Bondowoso → -7.9410309, 113.7573328
Dusun Sletreng, Kel. Kupang, Kec. Curahdami, Kab. Bondowoso,
Prov. Jawa Timur, Bondowoso → -7.9410309, 113.7573328
Dusun Krajan Rt 02 Rw 03, Bondowoso → -7.914504699999999, 113.8232058
Dusun Krajan Rt 02 Rw 02, Bondowoso → -7.914504699999999, 113.8232058
Jl.Kh.Asy' Ari No.330, Bondowoso → -7.914206499999999, 113.8379315
Sekarputih Rt.020 Rw.005, Bondowoso → -7.898319000000001, 113.8376522
Dusun Koanyar Rt017 Rw003 Dawuhan Grujugan Bondowoso, Bondowoso → -7.9776813, 113.7781575
Jl.Pb. Sudirman No 54 Dabasah Bondowoso, Bondowoso → -7.9137778, 113.8258354
Jalan K.H. Asyari 280, Bondowoso → -7.913752599999999, 113.8339921
Jl K.H. Asyari 280, Bondowoso → -7.913752599999999, 113.8339921
Grujugan Lor Rt.18 Rw.03, Bondowoso → -7.9643291, 113.831703
Krajan Rt 013 Rw 003, Bondowoso → -7.914504699999999, 113.8232058
Padasan Rt.009 Rw.004, Bondowoso → -7.9402491, 113.8748328
Dusun Salak Rt/Rw 005/003, Taal, Tapen, Bondowoso → -7.876020199999999, 113.9566204
Kasemek Rt.019 /010, Bondowoso → -7.960811000000001, 113.8688841
Dusun Lapangan Rt 005 Rw 002 Desa Sumbersari Kecamatan Maesan Kabupaten Bondowoso, Bondowoso → -8.025091999999999, 113.780403
Jl. Sumber Anyar Dusun Kebundara, Bondowoso → -8.028491100000002, 113.8778072
Desa Sumber Tengah, Bondowoso → -7.881697199999999, 113.7781575
Desa Dadapan Rt001/Rw001, Bondowoso → -7.9707321, 113.7885696
Dadapan Rt001/Rw001, Bondowoso → -7.9707321, 113.7885696
Maskuning Wetan Rt. 012 Rw. 002, Bondowoso → -7.985251, 113.9030883
Desa Sukosari Kidul Rt.016/Rw.004, Bondowoso → -7.9657469, 113.9744632
Dusun Grujugan Kidul Rt 19 Rw 03, Bondowoso → -7.9701034, 113.8198045
Desa Lepak Rt.06 Rw.01, Bondowoso → -7.914504699999999, 113.8232058
Jln. Kh. Agus Salim, Gang X, No.2, Rt. 15, Rw. 04, Bondowoso → -7.912693000000001, 113.8278627
Dusun Krajan Rt/Rw : 003/001 Desa Pejagan Kecamatan Jambesari Darus Sholah Kabupaten Bondowoso, Bondowoso → -7.989958999999999, 113.8257538
Dusun Krajan Rt.032 Rw.006 Jambeanom, Bondowoso → -7.9893228, 113.8569865
Desa Tegal Mejinrt. 002 Rw. 001, Bondowoso → -7.914504699999999, 113.8232058
Rt17, Bondowoso → -7.914504699999999, 113.8232058
Dusun Krajan, Bondowoso → -7.914504699999999, 113.8232058
Desa Tegalmijin, Bondowoso → -7.984273, 113.8153425
Krajan Ii Rt.07/Rw.01 Desa.Sumberwringin Kec.Sumberwringin, Bondowoso → -7.9895352, 113.9982525
Desa Pecalongan Rt.005 Rw.001, Bondowoso → -7.962874100000001, 113.938777
Jl. Situbondo-Wonosari, Bondowoso → -7.8999443, 113.8694946
Dsn Lumbung Rt/Rw 003/002, Bondowoso → -7.914504699999999, 113.8232058
Jl. K. Massyur, Bondowoso → -7.9673906, 113.9060624
Pakuniran Rt. 06 Rw. 02 Maesan Bondowoso, Bondowoso → -8.012717, 113.7841073
Dusun Krajan Rt 04 Rw 02, Desa Grujugan Lor Kecamatan Jambesari Darus Sholah, Bondowoso → -7.9643291, 113.831703
Jl. Diponegoro Rt. 025 Rw. 005, Bondowoso → -7.9107729, 113.8191532
Dusun Kaliayar Krajan Rt. 006 Rw. 001, Bondowoso → -6.1631164, 106.6775818
Dusun Paleran Rt.006 Rw.002, Bondowoso → -7.9673906, 113.9060624
Dusun Kepunan Desa Jeruk Soksok Kec. Binakal Kab. Bondowoso, Bondowoso → -7.8909775, 113.7707202
Desa Botolinggo Rt.36 Rw.12, Bondowoso → -7.826566799999999, 113.9758549
Blindungan Gg Tetong Rt17 Rw04, Bondowoso → -7.9101245, 113.8302157
Grujugan Lor Rt/Rw 010/002, Bondowoso → -7.9643291, 113.831703
Dusun Kaliayar Selatan Rt 017 Rw. 004 Tamanan, Bondowoso → -8.0000694, 113.8257538
Dusun Kaliayar Selatan Rt. 017 Rw. 004 Tamanan, Bondowoso → -8.0000694, 113.8257538
Lojih, Bondowoso → -7.914504699999999, 113.8232058
Petung Rt 06 Rw 02 Kecamatan Curahdami Kabupaten Bondowoso, Bondowoso → -7.9322956, 113.7974941
Desa Gayam Rt.001 Rw.011, Bondowoso → -7.8432728, 113.9982525
Dusun Kerajan, Bondowoso → -7.914504699999999, 113.8232058
Desa Curahpoh Rt 005 Rw 001 Kec. Curahdami - Bondowoso, Bondowoso → -7.927861900000001, 113.7662578
Desa Ramban Kulon Rt. 008 Kec. Cermee Kab. Bondowoso, Bondowoso → -7.776747400000001, 114.0160937
Jalan Raya Cermee, Desa Suling Kulon, Rt 11, Bondowoso → -7.7811694, 114.0363419
Jetis Rt18/07, Bondowoso → -7.9567435, 113.790057
Dusun Krajan Rt 001 Rw 001, Bondowoso → -7.914504699999999, 113.8232058
Botolinggo, Rt: 021 Rw: 008, Bondowoso → -6.1457526, 106.6841226
Imam Bonjol Rt. 18 Rw. 04 Kademangan Bondowoso, Bondowoso → -7.9175186, 113.8331903
Hos Cokroaminoto Rt 05 Rw 01, Bondowoso → -7.914504699999999, 113.8232058
Dusun Karang Malang Rt 021 Rw 005, Bondowoso → -7.914504699999999, 113.8232058
Desa Jatitamban Rt 011/Rw 004, Bondowoso → -7.8366339, 113.7722077
Jalan Pelita Gang Sumber Nomer 83 Rt.015 Rw.006, Bondowoso → -7.9276872, 113.8218762
Tamanan,Bondowoso, Bondowoso → -8.0161828, 113.8279958
Jl. Penjaitan Gg.Boor. No 46 Rt 001 Rw 001 Desa Tamansari, Bondowoso → -7.9230185, 113.8250927
Lengkong, Bondowoso → -7.914504699999999, 113.8232058
Pekalangan Rt.018 Rw.03, Bondowoso → -7.9514304, 113.8569865
