Jebung Kidul, Bondowoso → -7.9693898, 113.923198
Rt 05 Rw 01, Bondowoso → -7.9134402, 113.8222709
Tlogosari Rt.04 Rw.01, Bondowoso → -7.9977997, 113.9344974
Sumber Rt 11 Rw 02 Pejaten Bondowoso, Bondowoso → -7.8953473, 113.8386385
Desa Sempol, Bondowoso → -8.0061837, 114.1506007
Selolembu 06/02 Curahdami Bondowoso, Bondowoso → -7.8966014, 113.7897075
Jl. Raya Situbondo, Bondowoso → -7.8868878, 113.89253
Padasan Rt 06 Rw 03, Bondowoso → -7.9428496, 113.8795073
Gadingsari Rt 14 Rw 04, Bondowoso → -7.877319, 113.7317341
Gadingsari Rt 14 Rw 04, Bondowoso → -7.877319, 113.7317341
Maskuning Kulon, Bondowoso → -7.9887111, 113.8935815
Jetis Rt 05 Rw 02, Bondowoso → -7.9546231, 113.7920144
Jetis Rt 08 Rw 03, Bondowoso → -7.9546231, 113.7920144
Jebung Kidul, Bondowoso → -7.9693898, 113.923198
Jambeanom, Bondowoso → -7.980111, 113.8466491
Lojajar Rt.010 /005, Bondowoso → -7.9433656, 113.8562459
Desa Sumbersari, Bondowoso → -8.0236895, 113.7770721
Jl. Wringin, Bondowoso → -7.8199217, 113.7573145
Jl.Imam Bonjol, Bondowoso → -7.9156615, 113.830161
Penanggungan, Bondowoso → -8.0202248, 113.7784156
Selolembu, Bondowoso → -7.8966014, 113.7897075
Silolembu, Bondowoso → -7.8957477, 113.7948265
Rt17, Bondowoso → -7.9134402, 113.8222709
Desa Tegalmijin, Bondowoso → -7.98795, 113.8253127
Jl. Situbondo-Wonosari, Bondowoso → -7.8868878, 113.89253
Imam Bonjol Rt. 18 Rw. 04 Kademangan Bondowoso, Bondowoso → -7.9156615, 113.830161
Tamanan,Bondowoso, Bondowoso → -8.0163221, 113.8264768
Lengkong, Bondowoso → -8.0012986, 114.0038809
Sukowono, Bondowoso → -8.0096136, 113.9134508
Jambesari Rt 12 Rw 03, Bondowoso → -7.9793011, 113.841238
Petung Rt/Rw:02/01, Bondowoso → -7.84624, 113.7369977
Ardisaeng, Bondowoso → -7.8965543, 113.7255254
Curahdami Rt 02 Rt 01, Bondowoso → -7.9129901, 113.7915695
Krajan Rt 02 Rw 01, Bondowoso → -8.0113525, 113.7718239
Sulek, Bondowoso → -7.9844414, 113.9350963
Dadapan Bondowoso, Bondowoso → -7.975427, 113.7938979
Sumbermalang, Bondowoso → -7.843344, 113.7680581
Rt 003 Rw 001, Bondowoso → -7.9134402, 113.8222709
Bataan Rt.010 / 003, Bondowoso → -7.9206249, 113.8444367
Pasarejo, Bondowoso → -7.905684, 113.8922203
Petung Rt 01 Rw 01, Bondowoso → -7.84624, 113.7369977
Jetis Rt 09 Rw 04, Bondowoso → -7.9546231, 113.7920144
Jetis Rt 08 Rw 03, Bondowoso → -7.9546231, 113.7920144
Bajuran Rt. 13, Bondowoso → -7.817676, 114.0453028
Pb Sudirman, Bondowoso → -7.9127901, 113.8258163
Jalan Kolonel Sugiono 62 Kademangan Bondowoso, Bondowoso → -7.9171767, 113.8298193
Pakisan, Bondowoso → -7.9295436, 113.8454491
Lumutan, Bondowoso → -7.8168267, 113.9807756
Kotinggi, Bondowoso → -7.9233984, 113.7883929
Kajar Rt 08 / Rw 02 Bondowoso, Bondowoso → -7.9375867, 113.8433413
Kh Wahid Hasyim, Bondowoso → -7.9131954, 113.830074
Kupang, Bondowoso → -7.8976775, 113.7147169
Mangli, Bondowoso → -7.9704308, 113.8906784
Alun-Alun, Bondowoso → -7.9131978, 113.8224604
Kapuran Rt.03 Rw.02, Bondowoso → -7.8908889, 113.8989708
Kapuran Rt.003 Rw.02, Bondowoso → -7.8908889, 113.8989708
Jl Santawi 568, Bondowoso → -7.9297853, 113.8149913
Padasan Rt11 Rw 05, Bondowoso → -7.9428496, 113.8795073
Jl. Teuku Umar, Bondowoso → -7.9136597, 113.8276039
Kapuran Rt.09 Rw.03, Bondowoso → -7.8908889, 113.8989708
Alun Alun Bondowoso, Bondowoso → -7.9131978, 113.8224604
Bataan Rt 10 Rw 03, Bondowoso → -7.9206249, 113.8444367
Jl.Re Martadinata, Bondowoso → -7.9148885, 113.825333
Jl Brigjen Katamso, Bondowoso → -7.9126561, 113.8144204
Sulek Rt 07 Rw 03, Bondowoso → -7.9844414, 113.9350963
Jalan Mt. Haryono 22, Bondowoso → -7.9149734, 113.8163508
Maskuning Kulon Rt.004 Rw.001, Bondowoso → -7.9887111, 113.8935815
Karanganyar, Bondowoso → -7.8932782, 113.8195432
Selolembu 06/02, Bondowoso → -7.8966014, 113.7897075
Sukosari Lor, Bondowoso → -7.94937, 113.9559611
Sukosari Lor, Bondowoso → -7.94937, 113.9559611
Kupang Rt04 Rw02, Bondowoso → -7.9356463, 113.7780825
Jl. Pakisan, Bondowoso → -7.9295436, 113.8454491
Kotakulon, Bondowoso → -7.9104489, 113.8198271
Pucanganom, Bondowoso → -7.99933, 113.8589321
Sulek, Bondowoso → -7.9844414, 113.9350963
Grujugan, Bondowoso → -7.7774513, 114.0053981
Cindogo, Bondowoso → -7.8780685, 113.9071523
Alun Alun Bondowoso, Bondowoso → -7.9131978, 113.8224604
Koncer Darul Aman, Bondowoso → -7.9326216, 113.835133
Bukor, Rt 1 Rw 1, Bondowoso → -7.8438142, 113.7551306
Koncer Darul Aman Tenggarang Bondowoso, Bondowoso → -7.9225709, 113.8357823
Jalan Situbondo, Bondowoso → -7.8868878, 113.89253
Penambangan Rt 08 Rw 05, Bondowoso → -7.9197593, 113.7900889
Jl. Diponegoro, Bondowoso → -7.9079348, 113.8130524
Jl. Diponegoro, Bondowoso → -7.9079348, 113.8130524
Desa Dadapan, Bondowoso → -7.9843544, 113.7936639
Jetis, Bondowoso → -7.9546231, 113.7920144
Kalitapen, Bondowoso → -7.8685766, 113.9226073
Petung, Bondowoso → -7.84624, 113.7369977
Jetis Rt 09 Rw 04, Bondowoso → -7.9546231, 113.7920144
Krajan Rt 04, Bondowoso → -8.002702, 113.861871
Lombok Wetan Rt 05 Rw 02, Bondowoso → -7.9461834, 113.9172997
Krajan, Rt: 003 Rw: 001, Bondowoso → -8.002702, 113.861871
Perumahan Tamansari Indah D-8 Bondowoso, Bondowoso → -7.9276515, 113.8212099
Jl. Bataan, Bondowoso → -7.9206249, 113.8444367
Pejagan, Bondowoso → -7.9876792, 113.825286
Kapuran, Bondowoso → -7.8908889, 113.8989708
Sukokerto, Bondowoso → -8.003385, 113.8912569
Desa Koncer Kidul, Bondowoso → -7.9857688, 113.9193855
Petung Rt 01/ Rw 01, Bondowoso → -7.84624, 113.7369977
Tlogosari Rt 11 Rw 03, Bondowoso → -7.9977997, 113.9344974
Sukowiryo, Bondowoso → -7.9441201, 113.8107025
Jl.Teuku Umar No.62, Bondowoso → -7.9136597, 113.8276039
Jalan Supriyadi, Kademangan Bondowoso, Bondowoso → -7.9177739, 113.83277
Tamanan, Bondowoso → -8.0163221, 113.8264768
Rt 19 Rw 04, Bondowoso → -7.1074324, 110.3877996
Tegalbatu Badean, Bondowoso → -7.923349, 113.809266
Jl.Raya Pakisan, Bondowoso → -7.9295436, 113.8454491
Kasemek Rt.004 / 002, Bondowoso → -7.9571098, 113.8672876
Desa Kembang, Bondowoso → -7.9442159, 113.8106223
Desa Kembang, Bondowoso → -7.9442159, 113.8106223
Pecalongan Rt 05 Rw 01, Bondowoso → -7.9555307, 113.9366631
Tanggulangin Rt 004 Rw 002, Bondowoso → -7.8790563, 113.8206399
Tapen, Bondowoso → -7.8536305, 113.9312991
Jl Wringin, Bondowoso → -7.8199217, 113.7573145
Klampokan Rt. 07 Rw. 02, Bondowoso → -7.8327278, 113.9493034
Drasah, Bondowoso → -7.8707698, 113.9300655
Pakuwesi, Bondowoso → -7.9419484, 113.7852215
Jalan Letnan Sutarman, Kauman, Kotakulon Bondowoso, Bondowoso → -7.9127029, 113.8213615
Mengok Rt.23 Rw.04, Bondowoso → -7.9749041, 113.871467
Grujugan Lor Rt.09 Rw.03, Bondowoso → -7.9591548, 113.8301044
Jalan Letnan Sudiono, Bondowoso → -7.9159471, 113.8226828
Jl. Raya Situbondo, Bondowoso → -7.8868878, 113.89253
Jatitamban Rt/Rw 02/01, Bondowoso → -7.8370655, 113.776263
Bondowoso, Bondowoso → -7.9134402, 113.8222709
Jl. Kopral Moerin Pejaten, Bondowoso → -7.9017266, 113.8487927
Jl. Supriyadi, Bondowoso → -7.9177739, 113.83277
Kademangan, Bondowoso → -7.9163113, 113.8312622
Prajekan Lor Rt1 Rw1, Bondowoso → -7.7886452, 113.9833799
Jl. Imam Bonjol, Bondowoso → -7.9156615, 113.830161
Bondowoso, Bondowoso → -7.9134402, 113.8222709
Tamansari Rt 18 Rw 6, Bondowoso → -7.9296351, 113.8178127
Bataan, Bondowoso → -7.9206249, 113.8444367
Trotosari 11/03, Bondowoso → -7.9883228, 113.9588028
Mandiro Rt.08 Rw.03, Bondowoso → -7.8802838, 113.8326099
Jl. Wringin, Bondowoso → -7.8199217, 113.7573145
Sekarputih Rt.003 Rw.001, Bondowoso → -7.8990846, 113.8272249
Kalitapen, Bondowoso → -7.8685766, 113.9226073
Sumberpandan, Bondowoso → -8.0031805, 113.7835934
Wringin Rt01 Rw 10, Bondowoso → -7.8199217, 113.7573145
Jalan S. Parman 262 B Badean, Bondowoso → -7.9153903, 113.813781
Patemon, Bondowoso → -7.9695272, 113.9039323
Grujugan Lor, Bondowoso → -7.9591548, 113.8301044
Dadapan, Bondowoso → -7.975427, 113.7938979
Jl.Rengganis, Bondowoso → -7.9435417, 113.7994474
Grujugan Kidul, Bondowoso → -7.9700773, 113.8249274
Diponegoro No 30, Bondowoso → -7.9113419, 113.8209239
Jl. Veteran No.10, Bondowoso → -7.9156173, 113.8283685
Desa Dabasah, Bondowoso → -7.9442159, 113.8106223
Prajekan Kidul, Bondowoso → -7.7967708, 113.9800836
Jl. Kh Ghozali No 24, Bondowoso → -7.8878451, 113.8957511
Pasar Maesan, Bondowoso → -8.0302352, 113.7759646
Tlogosari Bondowoso, Bondowoso → -7.9977997, 113.9344974
Tenggarang Rt.8 Rw.10, Bondowoso → -7.9112111, 113.8481654
Pakuwesi, Bondowoso → -7.9419484, 113.7852215
Mangli Timur Rt 2 Rw 1, Bondowoso → -7.9704308, 113.8906784
Petung Rt.06 Rw.02, Bondowoso → -7.84624, 113.7369977
Grujugan Lor, Bondowoso → -7.9591548, 113.8301044
Pakem Rt 02 Rw 01, Bondowoso → -7.8693762, 113.7442884
Jambesari, Bondowoso → -7.9793011, 113.841238
Jawa Rt 11 Rw 5, Bondowoso → -6.1969866, 106.8307547
Jalan Mastrip, Bondowoso → -7.9318192, 113.8143227
Wringin Tengah, Wringin, Bondowoso, Bondowoso → -7.8131163, 113.758656
Curahpoh, Bondowoso → -7.9262945, 113.7861943
Tangsil Wetan, Bondowoso → -7.9092226, 113.8806518
Koncer Kidul Rt 26 Re 09, Bondowoso → -7.9380257, 113.8301658
Desa Pejagan, Bondowoso → -7.98795, 113.8253127
Rt.003 Rw.001, Bondowoso → -7.9134402, 113.8222709
Padasan Rt 11 Rw 05, Bondowoso → -7.9428496, 113.8795073
Selolembu, Bondowoso → -7.8966014, 113.7897075
Jl. Diponegoro 174, Bondowoso → -7.9079348, 113.8130524
Mandiro Rt.17 Rw.06, Bondowoso → -7.8802838, 113.8326099
Pelalangan, Bondowoso → -7.9190104, 113.9131558
Penambangan / Kotinggi, Bondowoso → -7.93086, 113.8139737
Jl. Mastrip, Bondowoso → -7.9318192, 113.8143227
Krajan Rt.03 Rw.04, Bondowoso → -8.002702, 113.861871
Maskuning Kulon, Bondowoso → -7.9887111, 113.8935815
Selolembu Rt 06 Rw 02 Curahdami Bondowoso, Bondowoso → -7.8966014, 113.7897075
Pelalangan, Bondowoso → -7.9190104, 113.9131558
Pasarejo Rt.01 Rw.02, Bondowoso → -7.905684, 113.8922203
Sumber Canting, Bondowoso → -7.8980065, 114.0088355
Jl.Santawi, Bondowoso → -7.9297853, 113.8149913
Padasan  Rt 01 Rw 01, Bondowoso → -7.9428496, 113.8795073
Jl. Mastrip, Bondowoso → -7.9318192, 113.8143227
Tlogosari, Bondowoso → -7.9977997, 113.9344974
Jl.Imam Bonjol 650, Bondowoso → -7.9156615, 113.830161
Jl Raya Situbondo, Bondowoso → -7.8868878, 113.89253
Jl Letnan Sudiono, Bondowoso → -7.9159471, 113.8226828
Kejayan, Bondowoso → -7.958908, 113.8747489
Desa Kembang, Bondowoso → -7.9442159, 113.8106223
Jl Wr Supratman No 21 Bondowoso, Bondowoso → -7.9196365, 113.8202142
Trotosari Rt.05 Rw.01, Bondowoso → -7.9883228, 113.9588028
Kembangan Rt. 004 Rw. 001, Bondowoso → -7.889712, 113.7437731
Dawuhan 10/02, Bondowoso → -7.925158, 113.8557766
Jl. Kh. Ali Sekarputih, Bondowoso → -7.8983589, 113.8363763
Cangkring Rt. 004 Rw. 002, Bondowoso → -7.8026662, 113.9650295
Cermee Rt 07, Bondowoso → -7.7782644, 114.0481925
Gambangan Rt 6 Rw 2, Bondowoso → -8.0298574, 113.7699488
Alun- Alun Bondowoso, Bondowoso → -7.9131978, 113.8224604
Jalan Jaksa Agung Suprapto No 5, Bondowoso → -7.9135348, 113.8235373
Bondowoso Jalan Santawi, Bondowoso → -7.9303089, 113.8207008
Perumahan Bataan Blok B No 28, Bondowoso → -7.9103096, 113.8430069
Jl. Wonosari No. 07, Bondowoso → -7.8862405, 113.8943541
Sekarputih, Bondowoso → -7.8990846, 113.8272249
Wringin, Bondowoso → -7.8199217, 113.7573145
Sempol, Bondowoso → -7.7982068, 114.0022729
Jalan Mastrip 31, Bondowoso → -7.9318192, 113.8143227
Ki Ronggo 37, Bondowoso → -7.9079309, 113.8231502
Kh Agus Salim 73, Bondowoso → -7.9103604, 113.8263967
Kh Agus Salim 28, Bondowoso → -7.9103604, 113.8263967
Prajekan Kidul Rt. 1 Rw.13, Bondowoso → -7.7967708, 113.9800836
Pasar Bondowoso, Bondowoso → -7.9471617, 113.900845
Lombok Kulon, Bondowoso → -7.9438026, 113.8933668
Jl. Kalianyar, Bondowoso → -7.9994569, 113.8260566
Sumbersalam 02/01, Bondowoso → -7.9510388, 113.839699
Krajan Rt.08 Rw.03, Bondowoso → -8.002702, 113.861871
Prajekan Kidul, Bondowoso → -7.7967708, 113.9800836
Jetis Rt 07 Rw 04, Bondowoso → -7.9546231, 113.7920144
Jetis Rt 07 Rw 03, Bondowoso → -7.9546231, 113.7920144
Jatitamban, Bondowoso → -7.8370655, 113.776263
Kasemek Rt 11 Rw 07, Bondowoso → -7.9571098, 113.8672876
Rt 18 Rw 7, Bondowoso → -6.1970198, 106.8309386
Tegalampel, Bondowoso → -7.8872231, 113.8495227
Taman Rt.01 Rw.01, Bondowoso → -7.872528, 113.886366
Paguan Rt 02 Rw 01, Bondowoso → -7.8946702, 113.8622831
Rt. 11 Desa Sempol, Bondowoso → -8.0061837, 114.1506007
Curahpoh Rt 02, Bondowoso → -7.9262945, 113.7861943
Jl. Diponegoro, Bondowoso → -7.9079348, 113.8130524
Traktakan Bondowoso, Bondowoso → -7.8960183, 113.8779448
Traktakan, Bondowoso, Bondowoso → -7.8960183, 113.8779448
Jalan Diponegoro, Bondowoso → -7.9079348, 113.8130524
Prajekan Kidul Rt.004 Rw.001, Bondowoso → -7.7967708, 113.9800836
Cermee Rt 10, Bondowoso → -7.7782644, 114.0481925
Jl. Letnan Sudiono No. 20, Bondowoso → -7.9159471, 113.8226828
Klabang Rt02/01, Bondowoso → -7.8516705, 113.8152737
Pasar Induk Bondowoso, Bondowoso → -7.9139689, 113.8278296
Tenggarang Rt.5 Rw.2, Bondowoso → -7.9112111, 113.8481654
Sekarputih Rt.11 Rw.03, Bondowoso → -7.8990846, 113.8272249
Jl. Brigjen Katamso No.47. Badean, Bondowoso, Bondowoso → -7.9126561, 113.8144204
Poncogati Rt 05 Curahdami, Bondowoso → -7.9027173, 113.8052132
Jl. Kh. Agus Salim, Bondowoso → -7.9103604, 113.8263967
Re. Martadinata, Bondowoso → -7.9148885, 113.825333
Jebung Kidul Rt 02 Rt 01, Bondowoso → -7.9693898, 113.923198
Jl.Brigjen Katamso No.30, Bondowoso → -7.9126561, 113.8144204
Kotakulon, Bondowoso → -7.9104489, 113.8198271
Jl.Brigjen Katamso, Bondowoso → -7.9126561, 113.8144204
Perumahan Taman Mutiara Blok O No 11 Pejaten, Bondowoso → -7.9103096, 113.8430069
Koncer Kidul, Bondowoso, Bondowoso → -7.9380257, 113.8301658
Jl. Kolonel Sugiono No. 29, Bondowoso → -7.9171767, 113.8298193
Mandiro, Bondowoso → -7.8802838, 113.8326099
Sukodono, Bondowoso → -8.0076363, 113.9079291
Jebung Kidul Rt. 05 Rw. 01, Bondowoso → -7.9693898, 113.923198
Sekarputih, Bondowoso → -7.8990846, 113.8272249
Maesan, Bondowoso → -8.0308252, 113.7758355
Desa Sumbersalam, Bondowoso → -7.9857688, 113.9193855
Pejaten Rt:02/01, Bondowoso → -7.9015201, 113.8472718
Kembang Rt. 25 Rw. 09, Bondowoso → -7.943275, 113.7988114
Jl,Raya Tamanan No. 31, Bondowoso → -7.961193, 113.8263849
Diponegoro, Bondowoso → -7.9079348, 113.8130524
Trotosari Rt.05/Rw.01, Bondowoso → -7.9883228, 113.9588028
Mangli Wetan Rt 11 Rw 05, Bondowoso → -7.8877111, 113.953904
Sukosari Lor Rt.01 Rw.01, Bondowoso → -7.94937, 113.9559611
Jalan Santawi 12-14 Bondowoso, Bondowoso → -7.9297853, 113.8149913
Tangsil Wetan, Bondowoso → -7.9092226, 113.8806518
Sekarputih Rt.04 Rw.02, Bondowoso → -7.8990846, 113.8272249
Kajar Rt 11 Rw 04, Bondowoso → -7.9375867, 113.8433413
Krajan 10/03, Bondowoso → -8.0113525, 113.7718239
Alun - Alun Bondowoso, Bondowoso → -7.9131978, 113.8224604
Prajekan Lor, Bondowoso → -7.7886452, 113.9833799
Kembang, Bondowoso → -7.943275, 113.7988114
Mandiro Rt.04 Rw.01, Bondowoso → -7.8802838, 113.8326099
Jl. Diponegoro Rt.16, Bondowoso → -7.9113419, 113.8209239
Klabang 03/02, Bondowoso → -7.8438486, 113.9537196
Jl. Re. Martadinata 140, Bondowoso → -7.9148885, 113.825333
Karanganyar Rt.03 Rw.01, Bondowoso → -7.8932782, 113.8195432
Sekarputih Rt.003/Rw.001, Bondowoso → -7.8990846, 113.8272249
Desa Kejayan, Bondowoso → -7.9857688, 113.9193855
Bataan Rt 06 Rw 02, Bondowoso → -7.9206249, 113.8444367
Taman, Bondowoso → -7.9843324, 113.7938855
Penanggungan, Bondowoso → -8.0202248, 113.7784156
Sumbersuko Rt.09 Rw.02, Bondowoso → -7.8321158, 113.9398887
Rt.17 Rw.006, Bondowoso → -6.1972343, 106.8310333
Rt. 003 / Rw.001, Bondowoso → -7.9134402, 113.8222709
Jetis Rt 11/ Rw 06, Bondowoso → -7.9546231, 113.7920144
Bukor, Rt.04 Rw.02, Bondowoso → -7.8438142, 113.7551306
Bukor, Rt.04 Rw.02, Bondowoso → -7.8438142, 113.7551306
Letnan Sudiono 23, Bondowoso → -7.9159471, 113.8226828
Curahpoh 04/01, Bondowoso → -7.9262945, 113.7861943
Kajar Rt.004 Rw.002, Bondowoso → -7.9375867, 113.8433413
Grujugan Lor Rt.08 Rt.03, Bondowoso → -7.9591548, 113.8301044
Blindungan, Bondowoso → -7.9097536, 113.8277835
Petung Rt 09 Rw 04, Bondowoso → -7.84624, 113.7369977
Desa Pancoran, Bondowoso → -7.9591547, 113.8050553
Jalan Kh. Agus Salim Rt.06/Rw.02, Bondowoso → -7.9103604, 113.8263967
Rt.14 / Rw. 06, Bondowoso → -6.1972343, 106.8310333
Karang Rt.14 Rw.05, Bondowoso → -7.8563643, 113.9537709
Bataan Rt 06 Rw 02, Bondowoso → -7.9206249, 113.8444367
Krajan Rt.06 Rw.03, Bondowoso → -8.0113525, 113.7718239
Jetis, Bondowoso → -7.9546231, 113.7920144
Mengok, Bondowoso → -7.9749041, 113.871467
Lojajar Rt.004 Rw.002, Bondowoso → -7.9433656, 113.8562459
Gunosari Rt 02 Rw 01, Bondowoso → -8.0022157, 113.9752552
Sumbersari, Bondowoso → -8.0346389, 113.7808428
Klabang Rt.05 Rw.08, Bondowoso → -7.8516705, 113.8152737
Pucang Anom, Bondowoso → -8.010809, 113.8621696
Plalangan, Bondowoso → -7.8096238, 114.0224735
Gebang 07/04, Bondowoso → -7.9224912, 113.8522608
Curahdami Rt 08 Rw 02, Bondowoso → -7.9129901, 113.7915695
Mandiro, Bondowoso → -7.8802838, 113.8326099
Bunduh Rt 010 Tw 003 Bataan Tenggarang Bondowoso, Bondowoso → -7.9175135, 113.8428315
Jalan Panjaitan Tamansari Bondowoso, Bondowoso → -7.9227844, 113.8197714
Petung, Bondowoso → -7.84624, 113.7369977
Kembang, Bondowoso → -7.943275, 113.7988114
Gentong, Bondowoso → -7.8593731, 113.9013753
Grujugan Kidul, Rt. 17 Rw. 03, Bondowoso → -7.9700773, 113.8249274
Krajan, Bondowoso → -8.002702, 113.861871
Krajan 2, Bondowoso → -8.002702, 113.861871
Lumbung Rt.04 Rw.01, Bondowoso → -7.9378929, 113.7997015
Prajekan Lor Rt 01 Rw 06, Bondowoso → -7.7886452, 113.9833799
Kademangan, Bondowoso Jawa Timur, Bondowoso → -7.9163113, 113.8312622
Jl. Situbondo, Pasar Wonosari, Wonosari, Bondowoso, Bondowoso → -7.8868878, 113.89253
Padasan Rt 05 Rw 02, Bondowoso → -7.9428496, 113.8795073
Bendoarum, Bondowoso → -7.9174662, 113.9221706
Rt 01 Rw 01, Bondowoso → -7.9134402, 113.8222709
Jl Kh Agus Salim Blindungan, Bondowoso → -7.9103604, 113.8263967
Jatitamban Rt 10 Rw 03, Bondowoso → -7.8370655, 113.776263
Karanganyar, Bondowoso → -7.8932782, 113.8195432
Penambangan, Bondowoso → -7.9197593, 113.7900889
Mandiro Rt.01 Rw.01, Bondowoso → -7.8802838, 113.8326099
Situbondo,Bondowoso, Bondowoso → -7.8868878, 113.89253
Jumpong Rt 01 Rw 01, Bondowoso → -7.9312857, 113.8741813
Jl. Mt. Haryono No. 06, Bondowoso → -7.9149734, 113.8163508
Jl Raya Kajar - Lojajar, Bondowoso → -7.9295436, 113.8454491
Jl Diponegoro, Bondowoso → -7.9079348, 113.8130524
Prajekan Kidul Rt 02 Rw 14, Bondowoso → -7.7967708, 113.9800836
Rt.14 / Rw.06, Bondowoso → -6.1972343, 106.8310333
Jalan Imam Bonjol No.10, Bondowoso → -7.9156615, 113.830161
Mengok Rt 04 Rw 02, Bondowoso → -7.9749041, 113.871467
Petung Rt.09  Rw.04, Bondowoso → -7.84624, 113.7369977
Penambangan Rt 06 Rw 04, Bondowoso → -7.9197593, 113.7900889
Locare, Bondowoso → -7.8932486, 113.8008012
Wonosari 09/03, Bondowoso → -7.8862405, 113.8943541
Jalan Letnan Rantam, Bondowoso → -7.9148312, 113.8015915
Kramat Rt.01 Rw.01, Bondowoso → -7.8923259, 113.7391508
Mandiro Rt.004 Rw.001, Bondowoso → -7.8802838, 113.8326099
Traktakan Rt. 003 Rw. 001, Bondowoso → -7.8960183, 113.8779448
Krajan I, Bondowoso → -8.002702, 113.861871
Jl.Raya Situbondo, Bondowoso → -7.8868878, 113.89253
Padasan, Bondowoso → -7.9428496, 113.8795073
Jalan Raya Pakisan, Bondowoso → -7.9295798, 113.8454545
Jebung Lor 22/08, Bondowoso → -7.9588463, 113.907705
Jambeanom, Bondowoso → -7.980111, 113.8466491
Jalan Raya Wonosari, Bondowoso → -7.8868878, 113.89253
Dadapan Rt 09 Rw 01, Bondowoso → -7.975427, 113.7938979
